Build started 17.05.2011 13:01:27.
Project "c:\Users\Mike\documents\visual studio 2010\Projects\spekle\spekle\spekle.vcxproj" on node 2 (build target(s)).
InitializeBuildStatus:
  Creating "Debug\spekle.unsuccessfulbuild" because "AlwaysCreate" was specified.
ClCompile:
  C:\Program Files (x86)\Microsoft Visual Studio 10.0\VC\bin\CL.exe /c /ZI /nologo /W3 /WX- /Od /Oy- /D WIN32 /D _DEBUG /D _CONSOLE /D _UNICODE /D UNICODE /Gm /EHsc /RTC1 /MDd /GS /fp:precise /Zc:wchar_t /Zc:forScope /Fo"Debug\\" /Fd"Debug\vc100.pdb" /Gd /TP /analyze- /errorReport:prompt image.cpp
  image.cpp
ManifestResourceCompile:
  All outputs are up-to-date.
Link:
  C:\Program Files (x86)\Microsoft Visual Studio 10.0\VC\bin\link.exe /ERRORREPORT:PROMPT /OUT:"c:\users\mike\documents\visual studio 2010\Projects\spekle\Debug\spekle.exe" /INCREMENTAL /NOLOGO kernel32.lib user32.lib gdi32.lib winspool.lib comdlg32.lib advapi32.lib shell32.lib ole32.lib oleaut32.lib uuid.lib odbc32.lib odbccp32.lib /MANIFEST /ManifestFile:"Debug\spekle.exe.intermediate.manifest" /MANIFESTUAC:"level='asInvoker' uiAccess='false'" /DEBUG /PDB:"c:\users\mike\documents\visual studio 2010\Projects\spekle\Debug\spekle.pdb" /SUBSYSTEM:CONSOLE /TLBID:1 /DYNAMICBASE /NXCOMPAT /IMPLIB:"c:\users\mike\documents\visual studio 2010\Projects\spekle\Debug\spekle.lib" /MACHINE:X86 Debug\spekle.exe.embed.manifest.res
  "Debug\boks-muller.obj"
  Debug\image.obj
  Debug\main.obj
  "Debug\park-miller.obj"
Manifest:
  C:\Program Files (x86)\Microsoft SDKs\Windows\v7.0A\bin\mt.exe /nologo /verbose /out:"Debug\spekle.exe.embed.manifest" /manifest Debug\spekle.exe.intermediate.manifest
  All outputs are up-to-date.
LinkEmbedManifest:
  All outputs are up-to-date.
  spekle.vcxproj -> c:\users\mike\documents\visual studio 2010\Projects\spekle\Debug\spekle.exe
FinalizeBuildStatus:
  Deleting file "Debug\spekle.unsuccessfulbuild".
  Touching "Debug\spekle.lastbuildstate".
Done Building Project "c:\Users\Mike\documents\visual studio 2010\Projects\spekle\spekle\spekle.vcxproj" (build target(s)).

Build succeeded.

Time Elapsed 00:00:03.09
